Analysis & Elaboration report for arquitectura
Tue Oct 25 01:49:15 2022
Quartus Prime Version 21.1.0 Build 842 10/21/2021 SJ Lite Edition


---------------------
; Table of Contents ;
---------------------
  1. Legal Notice
  2. Analysis & Elaboration Summary
  3. Parallel Compilation
  4. Parameter Settings for User Entity Instance: Top-level Entity: |CPU_tb
  5. Parameter Settings for User Entity Instance: CPU:cpu
  6. Parameter Settings for User Entity Instance: CPU:cpu|arqui:arqui
  7. Parameter Settings for User Entity Instance: CPU:cpu|arqui:arqui|controller:Controller
  8. Parameter Settings for User Entity Instance: CPU:cpu|arqui:arqui|controller:Controller|control:controlunit
  9. Parameter Settings for User Entity Instance: CPU:cpu|arqui:arqui|controller:Controller|conditional:condunit
 10. Parameter Settings for User Entity Instance: CPU:cpu|arqui:arqui|hazardUnit:HazardUnit
 11. Parameter Settings for User Entity Instance: CPU:cpu|arqui:arqui|memory:Memory
 12. Parameter Settings for User Entity Instance: CPU:cpu|arqui:arqui|memory:Memory|loadedMem:loadedMem
 13. Parameter Settings for User Entity Instance: CPU:cpu|arqui:arqui|fetch:Fetch
 14. Parameter Settings for User Entity Instance: CPU:cpu|arqui:arqui|fetch:Fetch|flopenrc:pcreg
 15. Parameter Settings for User Entity Instance: CPU:cpu|arqui:arqui|fetch:Fetch|Mux_2_to_1:pcff
 16. Parameter Settings for User Entity Instance: CPU:cpu|arqui:arqui|fetch:Fetch|adder:pcadd
 17. Parameter Settings for User Entity Instance: CPU:cpu|arqui:arqui|flopenrc:FetchFlipFlop
 18. Parameter Settings for User Entity Instance: CPU:cpu|arqui:arqui|decode:Decode
 19. Parameter Settings for User Entity Instance: CPU:cpu|arqui:arqui|decode:Decode|regfile:registerFile
 20. Parameter Settings for User Entity Instance: CPU:cpu|arqui:arqui|flopenrc:DecodeFlipFlop
 21. Parameter Settings for User Entity Instance: CPU:cpu|arqui:arqui|execute:Execute
 22. Parameter Settings for User Entity Instance: CPU:cpu|arqui:arqui|execute:Execute|Mux_3_to_1:data1ForwardMUX
 23. Parameter Settings for User Entity Instance: CPU:cpu|arqui:arqui|execute:Execute|Mux_3_to_1:data2ForwardMUX
 24. Parameter Settings for User Entity Instance: CPU:cpu|arqui:arqui|execute:Execute|Mux_2_to_1:data2MUX
 25. Parameter Settings for User Entity Instance: CPU:cpu|arqui:arqui|execute:Execute|ALU:ALU
 26. Parameter Settings for User Entity Instance: CPU:cpu|arqui:arqui|flopenrc:ExecuteFlipFlop
 27. Parameter Settings for User Entity Instance: CPU:cpu|arqui:arqui|flopenrc:MemoryFlipFlop
 28. Parameter Settings for User Entity Instance: CPU:cpu|arqui:arqui|Mux_2_to_1:writeBack
 29. Analysis & Elaboration Settings
 30. Port Connectivity Checks: "CPU:cpu|arqui:arqui|flopenrc:MemoryFlipFlop"
 31. Port Connectivity Checks: "CPU:cpu|arqui:arqui|flopenrc:ExecuteFlipFlop"
 32. Port Connectivity Checks: "CPU:cpu|arqui:arqui|flopenrc:DecodeFlipFlop"
 33. Port Connectivity Checks: "CPU:cpu|arqui:arqui|fetch:Fetch|adder:pcadd"
 34. Port Connectivity Checks: "CPU:cpu|arqui:arqui|memory:Memory|loadedMem:loadedMem"
 35. Port Connectivity Checks: "CPU:cpu|arqui:arqui"
 36. Port Connectivity Checks: "CPU:cpu"
 37. Analysis & Elaboration Messages
 38. Analysis & Elaboration Suppressed Messages



----------------
; Legal Notice ;
----------------
Copyright (C) 2021  Intel Corporation. All rights reserved.
Your use of Intel Corporation's design tools, logic functions 
and other software and tools, and any partner logic 
functions, and any output files from any of the foregoing 
(including device programming or simulation files), and any 
associated documentation or information are expressly subject 
to the terms and conditions of the Intel Program License 
Subscription Agreement, the Intel Quartus Prime License Agreement,
the Intel FPGA IP License Agreement, or other applicable license
agreement, including, without limitation, that your use is for
the sole purpose of programming logic devices manufactured by
Intel and sold by Intel or its authorized distributors.  Please
refer to the applicable agreement for further details, at
https://fpgasoftware.intel.com/eula.



+-----------------------------------------------------------------------------+
; Analysis & Elaboration Summary                                              ;
+-------------------------------+---------------------------------------------+
; Analysis & Elaboration Status ; Successful - Tue Oct 25 01:49:15 2022       ;
; Quartus Prime Version         ; 21.1.0 Build 842 10/21/2021 SJ Lite Edition ;
; Revision Name                 ; arquitectura                                ;
; Top-level Entity Name         ; CPU_tb                                      ;
; Family                        ; Cyclone V                                   ;
; Logic utilization (in ALMs)   ; N/A until Partition Merge                   ;
; Total registers               ; N/A until Partition Merge                   ;
; Total pins                    ; N/A until Partition Merge                   ;
; Total virtual pins            ; N/A until Partition Merge                   ;
; Total block memory bits       ; N/A until Partition Merge                   ;
; Total PLLs                    ; N/A until Partition Merge                   ;
; Total DLLs                    ; N/A until Partition Merge                   ;
+-------------------------------+---------------------------------------------+


+------------------------------------------+
; Parallel Compilation                     ;
+----------------------------+-------------+
; Processors                 ; Number      ;
+----------------------------+-------------+
; Number detected on machine ; 4           ;
; Maximum allowed            ; 2           ;
;                            ;             ;
; Average used               ; 1.00        ;
; Maximum used               ; 1           ;
;                            ;             ;
; Usage by Processor         ; % Time Used ;
;     Processor 1            ; 100.0%      ;
+----------------------------+-------------+


+------------------------------------------------------------------------+
; Parameter Settings for User Entity Instance: Top-level Entity: |CPU_tb ;
+------------------+-------+---------------------------------------------+
; Parameter Name   ; Value ; Type                                        ;
+------------------+-------+---------------------------------------------+
; WIDTH            ; 36    ; Signed Integer                              ;
; REGNUM           ; 16    ; Signed Integer                              ;
; ADDRESSWIDTH     ; 4     ; Signed Integer                              ;
; OPCODEWIDTH      ; 4     ; Signed Integer                              ;
; INSTRUCTIONWIDTH ; 24    ; Signed Integer                              ;
+------------------+-------+---------------------------------------------+
Note: In order to hide this table in the UI and the text report file, please set the "Show Parameter Settings in Synthesis Report" option in "Analysis and Synthesis Settings -> More Settings" to "Off".


+------------------------------------------------------+
; Parameter Settings for User Entity Instance: CPU:cpu ;
+------------------+-------+---------------------------+
; Parameter Name   ; Value ; Type                      ;
+------------------+-------+---------------------------+
; WIDTH            ; 36    ; Signed Integer            ;
; REGNUM           ; 16    ; Signed Integer            ;
; ADDRESSWIDTH     ; 4     ; Signed Integer            ;
; OPCODEWIDTH      ; 4     ; Signed Integer            ;
; INSTRUCTIONWIDTH ; 24    ; Signed Integer            ;
+------------------+-------+---------------------------+
Note: In order to hide this table in the UI and the text report file, please set the "Show Parameter Settings in Synthesis Report" option in "Analysis and Synthesis Settings -> More Settings" to "Off".


+------------------------------------------------------------------+
; Parameter Settings for User Entity Instance: CPU:cpu|arqui:arqui ;
+------------------+-------+---------------------------------------+
; Parameter Name   ; Value ; Type                                  ;
+------------------+-------+---------------------------------------+
; WIDTH            ; 36    ; Signed Integer                        ;
; REGNUM           ; 16    ; Signed Integer                        ;
; ADDRESSWIDTH     ; 4     ; Signed Integer                        ;
; OPCODEWIDTH      ; 4     ; Signed Integer                        ;
; INSTRUCTIONWIDTH ; 24    ; Signed Integer                        ;
+------------------+-------+---------------------------------------+
Note: In order to hide this table in the UI and the text report file, please set the "Show Parameter Settings in Synthesis Report" option in "Analysis and Synthesis Settings -> More Settings" to "Off".


+----------------------------------------------------------------------------------------+
; Parameter Settings for User Entity Instance: CPU:cpu|arqui:arqui|controller:Controller ;
+----------------+-------+---------------------------------------------------------------+
; Parameter Name ; Value ; Type                                                          ;
+----------------+-------+---------------------------------------------------------------+
; OPCODEWIDTH    ; 4     ; Signed Integer                                                ;
+----------------+-------+---------------------------------------------------------------+
Note: In order to hide this table in the UI and the text report file, please set the "Show Parameter Settings in Synthesis Report" option in "Analysis and Synthesis Settings -> More Settings" to "Off".


+------------------------------------------------------------------------------------------------------------+
; Parameter Settings for User Entity Instance: CPU:cpu|arqui:arqui|controller:Controller|control:controlunit ;
+----------------+-------+-----------------------------------------------------------------------------------+
; Parameter Name ; Value ; Type                                                                              ;
+----------------+-------+-----------------------------------------------------------------------------------+
; OPCODEWIDTH    ; 4     ; Signed Integer                                                                    ;
+----------------+-------+-----------------------------------------------------------------------------------+
Note: In order to hide this table in the UI and the text report file, please set the "Show Parameter Settings in Synthesis Report" option in "Analysis and Synthesis Settings -> More Settings" to "Off".


+-------------------------------------------------------------------------------------------------------------+
; Parameter Settings for User Entity Instance: CPU:cpu|arqui:arqui|controller:Controller|conditional:condunit ;
+----------------+-------+------------------------------------------------------------------------------------+
; Parameter Name ; Value ; Type                                                                               ;
+----------------+-------+------------------------------------------------------------------------------------+
; OPCODEWIDTH    ; 4     ; Signed Integer                                                                     ;
+----------------+-------+------------------------------------------------------------------------------------+
Note: In order to hide this table in the UI and the text report file, please set the "Show Parameter Settings in Synthesis Report" option in "Analysis and Synthesis Settings -> More Settings" to "Off".


+----------------------------------------------------------------------------------------+
; Parameter Settings for User Entity Instance: CPU:cpu|arqui:arqui|hazardUnit:HazardUnit ;
+----------------+-------+---------------------------------------------------------------+
; Parameter Name ; Value ; Type                                                          ;
+----------------+-------+---------------------------------------------------------------+
; WIDTH          ; 36    ; Signed Integer                                                ;
; ADDRESSWIDTH   ; 4     ; Signed Integer                                                ;
+----------------+-------+---------------------------------------------------------------+
Note: In order to hide this table in the UI and the text report file, please set the "Show Parameter Settings in Synthesis Report" option in "Analysis and Synthesis Settings -> More Settings" to "Off".


+--------------------------------------------------------------------------------+
; Parameter Settings for User Entity Instance: CPU:cpu|arqui:arqui|memory:Memory ;
+------------------+-------+-----------------------------------------------------+
; Parameter Name   ; Value ; Type                                                ;
+------------------+-------+-----------------------------------------------------+
; WIDTH            ; 36    ; Signed Integer                                      ;
; INSTRUCTIONWIDTH ; 24    ; Signed Integer                                      ;
+------------------+-------+-----------------------------------------------------+
Note: In order to hide this table in the UI and the text report file, please set the "Show Parameter Settings in Synthesis Report" option in "Analysis and Synthesis Settings -> More Settings" to "Off".


+----------------------------------------------------------------------------------------------------+
; Parameter Settings for User Entity Instance: CPU:cpu|arqui:arqui|memory:Memory|loadedMem:loadedMem ;
+----------------+-------+---------------------------------------------------------------------------+
; Parameter Name ; Value ; Type                                                                      ;
+----------------+-------+---------------------------------------------------------------------------+
; WIDTH          ; 36    ; Signed Integer                                                            ;
+----------------+-------+---------------------------------------------------------------------------+
Note: In order to hide this table in the UI and the text report file, please set the "Show Parameter Settings in Synthesis Report" option in "Analysis and Synthesis Settings -> More Settings" to "Off".


+------------------------------------------------------------------------------+
; Parameter Settings for User Entity Instance: CPU:cpu|arqui:arqui|fetch:Fetch ;
+----------------+-------+-----------------------------------------------------+
; Parameter Name ; Value ; Type                                                ;
+----------------+-------+-----------------------------------------------------+
; WIDTH          ; 36    ; Signed Integer                                      ;
+----------------+-------+-----------------------------------------------------+
Note: In order to hide this table in the UI and the text report file, please set the "Show Parameter Settings in Synthesis Report" option in "Analysis and Synthesis Settings -> More Settings" to "Off".


+---------------------------------------------------------------------------------------------+
; Parameter Settings for User Entity Instance: CPU:cpu|arqui:arqui|fetch:Fetch|flopenrc:pcreg ;
+----------------+-------+--------------------------------------------------------------------+
; Parameter Name ; Value ; Type                                                               ;
+----------------+-------+--------------------------------------------------------------------+
; WIDTH          ; 36    ; Signed Integer                                                     ;
+----------------+-------+--------------------------------------------------------------------+
Note: In order to hide this table in the UI and the text report file, please set the "Show Parameter Settings in Synthesis Report" option in "Analysis and Synthesis Settings -> More Settings" to "Off".


+----------------------------------------------------------------------------------------------+
; Parameter Settings for User Entity Instance: CPU:cpu|arqui:arqui|fetch:Fetch|Mux_2_to_1:pcff ;
+----------------+-------+---------------------------------------------------------------------+
; Parameter Name ; Value ; Type                                                                ;
+----------------+-------+---------------------------------------------------------------------+
; N              ; 36    ; Signed Integer                                                      ;
+----------------+-------+---------------------------------------------------------------------+
Note: In order to hide this table in the UI and the text report file, please set the "Show Parameter Settings in Synthesis Report" option in "Analysis and Synthesis Settings -> More Settings" to "Off".


+------------------------------------------------------------------------------------------+
; Parameter Settings for User Entity Instance: CPU:cpu|arqui:arqui|fetch:Fetch|adder:pcadd ;
+----------------+-------+-----------------------------------------------------------------+
; Parameter Name ; Value ; Type                                                            ;
+----------------+-------+-----------------------------------------------------------------+
; WIDTH          ; 36    ; Signed Integer                                                  ;
+----------------+-------+-----------------------------------------------------------------+
Note: In order to hide this table in the UI and the text report file, please set the "Show Parameter Settings in Synthesis Report" option in "Analysis and Synthesis Settings -> More Settings" to "Off".


+-----------------------------------------------------------------------------------------+
; Parameter Settings for User Entity Instance: CPU:cpu|arqui:arqui|flopenrc:FetchFlipFlop ;
+----------------+-------+----------------------------------------------------------------+
; Parameter Name ; Value ; Type                                                           ;
+----------------+-------+----------------------------------------------------------------+
; WIDTH          ; 24    ; Signed Integer                                                 ;
+----------------+-------+----------------------------------------------------------------+
Note: In order to hide this table in the UI and the text report file, please set the "Show Parameter Settings in Synthesis Report" option in "Analysis and Synthesis Settings -> More Settings" to "Off".


+--------------------------------------------------------------------------------+
; Parameter Settings for User Entity Instance: CPU:cpu|arqui:arqui|decode:Decode ;
+------------------+-------+-----------------------------------------------------+
; Parameter Name   ; Value ; Type                                                ;
+------------------+-------+-----------------------------------------------------+
; WIDTH            ; 36    ; Signed Integer                                      ;
; REGNUM           ; 16    ; Signed Integer                                      ;
; ADDRESSWIDTH     ; 4     ; Signed Integer                                      ;
; OPCODEWIDTH      ; 4     ; Signed Integer                                      ;
; INSTRUCTIONWIDTH ; 24    ; Signed Integer                                      ;
+------------------+-------+-----------------------------------------------------+
Note: In order to hide this table in the UI and the text report file, please set the "Show Parameter Settings in Synthesis Report" option in "Analysis and Synthesis Settings -> More Settings" to "Off".


+-----------------------------------------------------------------------------------------------------+
; Parameter Settings for User Entity Instance: CPU:cpu|arqui:arqui|decode:Decode|regfile:registerFile ;
+----------------+-------+----------------------------------------------------------------------------+
; Parameter Name ; Value ; Type                                                                       ;
+----------------+-------+----------------------------------------------------------------------------+
; WIDTH          ; 36    ; Signed Integer                                                             ;
; REGNUM         ; 16    ; Signed Integer                                                             ;
; ADDRESSWIDTH   ; 4     ; Signed Integer                                                             ;
+----------------+-------+----------------------------------------------------------------------------+
Note: In order to hide this table in the UI and the text report file, please set the "Show Parameter Settings in Synthesis Report" option in "Analysis and Synthesis Settings -> More Settings" to "Off".


+------------------------------------------------------------------------------------------+
; Parameter Settings for User Entity Instance: CPU:cpu|arqui:arqui|flopenrc:DecodeFlipFlop ;
+----------------+-------+-----------------------------------------------------------------+
; Parameter Name ; Value ; Type                                                            ;
+----------------+-------+-----------------------------------------------------------------+
; WIDTH          ; 136   ; Signed Integer                                                  ;
+----------------+-------+-----------------------------------------------------------------+
Note: In order to hide this table in the UI and the text report file, please set the "Show Parameter Settings in Synthesis Report" option in "Analysis and Synthesis Settings -> More Settings" to "Off".


+----------------------------------------------------------------------------------+
; Parameter Settings for User Entity Instance: CPU:cpu|arqui:arqui|execute:Execute ;
+----------------+-------+---------------------------------------------------------+
; Parameter Name ; Value ; Type                                                    ;
+----------------+-------+---------------------------------------------------------+
; WIDTH          ; 36    ; Signed Integer                                          ;
+----------------+-------+---------------------------------------------------------+
Note: In order to hide this table in the UI and the text report file, please set the "Show Parameter Settings in Synthesis Report" option in "Analysis and Synthesis Settings -> More Settings" to "Off".


+-------------------------------------------------------------------------------------------------------------+
; Parameter Settings for User Entity Instance: CPU:cpu|arqui:arqui|execute:Execute|Mux_3_to_1:data1ForwardMUX ;
+----------------+-------+------------------------------------------------------------------------------------+
; Parameter Name ; Value ; Type                                                                               ;
+----------------+-------+------------------------------------------------------------------------------------+
; WIDTH          ; 36    ; Signed Integer                                                                     ;
+----------------+-------+------------------------------------------------------------------------------------+
Note: In order to hide this table in the UI and the text report file, please set the "Show Parameter Settings in Synthesis Report" option in "Analysis and Synthesis Settings -> More Settings" to "Off".


+-------------------------------------------------------------------------------------------------------------+
; Parameter Settings for User Entity Instance: CPU:cpu|arqui:arqui|execute:Execute|Mux_3_to_1:data2ForwardMUX ;
+----------------+-------+------------------------------------------------------------------------------------+
; Parameter Name ; Value ; Type                                                                               ;
+----------------+-------+------------------------------------------------------------------------------------+
; WIDTH          ; 36    ; Signed Integer                                                                     ;
+----------------+-------+------------------------------------------------------------------------------------+
Note: In order to hide this table in the UI and the text report file, please set the "Show Parameter Settings in Synthesis Report" option in "Analysis and Synthesis Settings -> More Settings" to "Off".


+------------------------------------------------------------------------------------------------------+
; Parameter Settings for User Entity Instance: CPU:cpu|arqui:arqui|execute:Execute|Mux_2_to_1:data2MUX ;
+----------------+-------+-----------------------------------------------------------------------------+
; Parameter Name ; Value ; Type                                                                        ;
+----------------+-------+-----------------------------------------------------------------------------+
; N              ; 36    ; Signed Integer                                                              ;
+----------------+-------+-----------------------------------------------------------------------------+
Note: In order to hide this table in the UI and the text report file, please set the "Show Parameter Settings in Synthesis Report" option in "Analysis and Synthesis Settings -> More Settings" to "Off".


+------------------------------------------------------------------------------------------+
; Parameter Settings for User Entity Instance: CPU:cpu|arqui:arqui|execute:Execute|ALU:ALU ;
+----------------+-------+-----------------------------------------------------------------+
; Parameter Name ; Value ; Type                                                            ;
+----------------+-------+-----------------------------------------------------------------+
; N              ; 36    ; Signed Integer                                                  ;
+----------------+-------+-----------------------------------------------------------------+
Note: In order to hide this table in the UI and the text report file, please set the "Show Parameter Settings in Synthesis Report" option in "Analysis and Synthesis Settings -> More Settings" to "Off".


+-------------------------------------------------------------------------------------------+
; Parameter Settings for User Entity Instance: CPU:cpu|arqui:arqui|flopenrc:ExecuteFlipFlop ;
+----------------+-------+------------------------------------------------------------------+
; Parameter Name ; Value ; Type                                                             ;
+----------------+-------+------------------------------------------------------------------+
; WIDTH          ; 79    ; Signed Integer                                                   ;
+----------------+-------+------------------------------------------------------------------+
Note: In order to hide this table in the UI and the text report file, please set the "Show Parameter Settings in Synthesis Report" option in "Analysis and Synthesis Settings -> More Settings" to "Off".


+------------------------------------------------------------------------------------------+
; Parameter Settings for User Entity Instance: CPU:cpu|arqui:arqui|flopenrc:MemoryFlipFlop ;
+----------------+-------+-----------------------------------------------------------------+
; Parameter Name ; Value ; Type                                                            ;
+----------------+-------+-----------------------------------------------------------------+
; WIDTH          ; 78    ; Signed Integer                                                  ;
+----------------+-------+-----------------------------------------------------------------+
Note: In order to hide this table in the UI and the text report file, please set the "Show Parameter Settings in Synthesis Report" option in "Analysis and Synthesis Settings -> More Settings" to "Off".


+---------------------------------------------------------------------------------------+
; Parameter Settings for User Entity Instance: CPU:cpu|arqui:arqui|Mux_2_to_1:writeBack ;
+----------------+-------+--------------------------------------------------------------+
; Parameter Name ; Value ; Type                                                         ;
+----------------+-------+--------------------------------------------------------------+
; N              ; 36    ; Signed Integer                                               ;
+----------------+-------+--------------------------------------------------------------+
Note: In order to hide this table in the UI and the text report file, please set the "Show Parameter Settings in Synthesis Report" option in "Analysis and Synthesis Settings -> More Settings" to "Off".


+---------------------------------------------------------------------------------------------------------------------------+
; Analysis & Elaboration Settings                                                                                           ;
+---------------------------------------------------------------------------------+--------------------+--------------------+
; Option                                                                          ; Setting            ; Default Value      ;
+---------------------------------------------------------------------------------+--------------------+--------------------+
; Device                                                                          ; 5CSEBA6U23I7       ;                    ;
; Top-level entity name                                                           ; CPU_tb             ; arquitectura       ;
; Family name                                                                     ; Cyclone V          ; Cyclone V          ;
; VHDL Show LMF Mapping Messages                                                  ; Off                ;                    ;
; Verilog Show LMF Mapping Messages                                               ; Off                ;                    ;
; Verilog Version                                                                 ; SystemVerilog_2005 ; Verilog_2001       ;
; VHDL Version                                                                    ; VHDL_2008          ; VHDL_1993          ;
; Use smart compilation                                                           ; Off                ; Off                ;
; Enable parallel Assembler and Timing Analyzer during compilation                ; On                 ; On                 ;
; Enable compact report table                                                     ; Off                ; Off                ;
; Restructure Multiplexers                                                        ; Auto               ; Auto               ;
; MLAB Add Timing Constraints For Mixed-Port Feed-Through Mode Setting Don't Care ; Off                ; Off                ;
; Create Debugging Nodes for IP Cores                                             ; Off                ; Off                ;
; Preserve fewer node names                                                       ; On                 ; On                 ;
; Intel FPGA IP Evaluation Mode                                                   ; Enable             ; Enable             ;
; State Machine Processing                                                        ; Auto               ; Auto               ;
; Safe State Machine                                                              ; Off                ; Off                ;
; Extract Verilog State Machines                                                  ; On                 ; On                 ;
; Extract VHDL State Machines                                                     ; On                 ; On                 ;
; Ignore Verilog initial constructs                                               ; Off                ; Off                ;
; Iteration limit for constant Verilog loops                                      ; 5000               ; 5000               ;
; Iteration limit for non-constant Verilog loops                                  ; 250                ; 250                ;
; Add Pass-Through Logic to Inferred RAMs                                         ; On                 ; On                 ;
; Infer RAMs from Raw Logic                                                       ; On                 ; On                 ;
; Parallel Synthesis                                                              ; On                 ; On                 ;
; DSP Block Balancing                                                             ; Auto               ; Auto               ;
; NOT Gate Push-Back                                                              ; On                 ; On                 ;
; Power-Up Don't Care                                                             ; On                 ; On                 ;
; Remove Redundant Logic Cells                                                    ; Off                ; Off                ;
; Remove Duplicate Registers                                                      ; On                 ; On                 ;
; Ignore CARRY Buffers                                                            ; Off                ; Off                ;
; Ignore CASCADE Buffers                                                          ; Off                ; Off                ;
; Ignore GLOBAL Buffers                                                           ; Off                ; Off                ;
; Ignore ROW GLOBAL Buffers                                                       ; Off                ; Off                ;
; Ignore LCELL Buffers                                                            ; Off                ; Off                ;
; Ignore SOFT Buffers                                                             ; On                 ; On                 ;
; Limit AHDL Integers to 32 Bits                                                  ; Off                ; Off                ;
; Optimization Technique                                                          ; Balanced           ; Balanced           ;
; Carry Chain Length                                                              ; 70                 ; 70                 ;
; Auto Carry Chains                                                               ; On                 ; On                 ;
; Auto Open-Drain Pins                                                            ; On                 ; On                 ;
; Perform WYSIWYG Primitive Resynthesis                                           ; Off                ; Off                ;
; Auto ROM Replacement                                                            ; On                 ; On                 ;
; Auto RAM Replacement                                                            ; On                 ; On                 ;
; Auto DSP Block Replacement                                                      ; On                 ; On                 ;
; Auto Shift Register Replacement                                                 ; Auto               ; Auto               ;
; Allow Shift Register Merging across Hierarchies                                 ; Auto               ; Auto               ;
; Auto Clock Enable Replacement                                                   ; On                 ; On                 ;
; Strict RAM Replacement                                                          ; Off                ; Off                ;
; Allow Synchronous Control Signals                                               ; On                 ; On                 ;
; Force Use of Synchronous Clear Signals                                          ; Off                ; Off                ;
; Auto Resource Sharing                                                           ; Off                ; Off                ;
; Allow Any RAM Size For Recognition                                              ; Off                ; Off                ;
; Allow Any ROM Size For Recognition                                              ; Off                ; Off                ;
; Allow Any Shift Register Size For Recognition                                   ; Off                ; Off                ;
; Use LogicLock Constraints during Resource Balancing                             ; On                 ; On                 ;
; Ignore translate_off and synthesis_off directives                               ; Off                ; Off                ;
; Timing-Driven Synthesis                                                         ; On                 ; On                 ;
; Report Parameter Settings                                                       ; On                 ; On                 ;
; Report Source Assignments                                                       ; On                 ; On                 ;
; Report Connectivity Checks                                                      ; On                 ; On                 ;
; Ignore Maximum Fan-Out Assignments                                              ; Off                ; Off                ;
; Synchronization Register Chain Length                                           ; 3                  ; 3                  ;
; Power Optimization During Synthesis                                             ; Normal compilation ; Normal compilation ;
; HDL message level                                                               ; Level2             ; Level2             ;
; Suppress Register Optimization Related Messages                                 ; Off                ; Off                ;
; Number of Removed Registers Reported in Synthesis Report                        ; 5000               ; 5000               ;
; Number of Swept Nodes Reported in Synthesis Report                              ; 5000               ; 5000               ;
; Number of Inverted Registers Reported in Synthesis Report                       ; 100                ; 100                ;
; Clock MUX Protection                                                            ; On                 ; On                 ;
; Auto Gated Clock Conversion                                                     ; Off                ; Off                ;
; Block Design Naming                                                             ; Auto               ; Auto               ;
; SDC constraint protection                                                       ; Off                ; Off                ;
; Synthesis Effort                                                                ; Auto               ; Auto               ;
; Shift Register Replacement - Allow Asynchronous Clear Signal                    ; On                 ; On                 ;
; Pre-Mapping Resynthesis Optimization                                            ; Off                ; Off                ;
; Analysis & Synthesis Message Level                                              ; Medium             ; Medium             ;
; Disable Register Merging Across Hierarchies                                     ; Auto               ; Auto               ;
; Resource Aware Inference For Block RAM                                          ; On                 ; On                 ;
; Automatic Parallel Synthesis                                                    ; On                 ; On                 ;
; Partial Reconfiguration Bitstream ID                                            ; Off                ; Off                ;
+---------------------------------------------------------------------------------+--------------------+--------------------+


+-------------------------------------------------------------------------+
; Port Connectivity Checks: "CPU:cpu|arqui:arqui|flopenrc:MemoryFlipFlop" ;
+------+-------+----------+-----------------------------------------------+
; Port ; Type  ; Severity ; Details                                       ;
+------+-------+----------+-----------------------------------------------+
; en   ; Input ; Info     ; Stuck at VCC                                  ;
+------+-------+----------+-----------------------------------------------+


+--------------------------------------------------------------------------+
; Port Connectivity Checks: "CPU:cpu|arqui:arqui|flopenrc:ExecuteFlipFlop" ;
+------+-------+----------+------------------------------------------------+
; Port ; Type  ; Severity ; Details                                        ;
+------+-------+----------+------------------------------------------------+
; en   ; Input ; Info     ; Stuck at VCC                                   ;
+------+-------+----------+------------------------------------------------+


+-------------------------------------------------------------------------+
; Port Connectivity Checks: "CPU:cpu|arqui:arqui|flopenrc:DecodeFlipFlop" ;
+------+-------+----------+-----------------------------------------------+
; Port ; Type  ; Severity ; Details                                       ;
+------+-------+----------+-----------------------------------------------+
; en   ; Input ; Info     ; Stuck at VCC                                  ;
+------+-------+----------+-----------------------------------------------+


+-------------------------------------------------------------------------+
; Port Connectivity Checks: "CPU:cpu|arqui:arqui|fetch:Fetch|adder:pcadd" ;
+----------+-------+----------+-------------------------------------------+
; Port     ; Type  ; Severity ; Details                                   ;
+----------+-------+----------+-------------------------------------------+
; b[35..1] ; Input ; Info     ; Stuck at GND                              ;
; b[0]     ; Input ; Info     ; Stuck at VCC                              ;
+----------+-------+----------+-------------------------------------------+


+----------------------------------------------------------------------------------------------------------------------+
; Port Connectivity Checks: "CPU:cpu|arqui:arqui|memory:Memory|loadedMem:loadedMem"                                    ;
+------------+--------+----------+-------------------------------------------------------------------------------------+
; Port       ; Type   ; Severity ; Details                                                                             ;
+------------+--------+----------+-------------------------------------------------------------------------------------+
; we[3]      ; Input  ; Info     ; Stuck at GND                                                                        ;
; we[0]      ; Input  ; Info     ; Stuck at GND                                                                        ;
; wd[35..0]  ; Input  ; Info     ; Stuck at GND                                                                        ;
; rd[35..24] ; Output ; Info     ; Connected to dangling logic. Logic that only feeds a dangling port will be removed. ;
+------------+--------+----------+-------------------------------------------------------------------------------------+


+-----------------------------------------------------------------------------------------------------------------+
; Port Connectivity Checks: "CPU:cpu|arqui:arqui"                                                                 ;
+-------+--------+----------+-------------------------------------------------------------------------------------+
; Port  ; Type   ; Severity ; Details                                                                             ;
+-------+--------+----------+-------------------------------------------------------------------------------------+
; chars ; Output ; Info     ; Connected to dangling logic. Logic that only feeds a dangling port will be removed. ;
+-------+--------+----------+-------------------------------------------------------------------------------------+


+-------------------------------------------------------------------------------------------------------------------+
; Port Connectivity Checks: "CPU:cpu"                                                                               ;
+---------+--------+----------+-------------------------------------------------------------------------------------+
; Port    ; Type   ; Severity ; Details                                                                             ;
+---------+--------+----------+-------------------------------------------------------------------------------------+
; clock   ; Input  ; Info     ; Stuck at GND                                                                        ;
; outFlag ; Output ; Info     ; Connected to dangling logic. Logic that only feeds a dangling port will be removed. ;
; endFlag ; Output ; Info     ; Connected to dangling logic. Logic that only feeds a dangling port will be removed. ;
; clk_1Hz ; Output ; Info     ; Connected to dangling logic. Logic that only feeds a dangling port will be removed. ;
; out     ; Output ; Info     ; Connected to dangling logic. Logic that only feeds a dangling port will be removed. ;
+---------+--------+----------+-------------------------------------------------------------------------------------+


+---------------------------------+
; Analysis & Elaboration Messages ;
+---------------------------------+
Info: *******************************************************************
Info: Running Quartus Prime Analysis & Elaboration
    Info: Version 21.1.0 Build 842 10/21/2021 SJ Lite Edition
    Info: Processing started: Tue Oct 25 01:48:54 2022
Info: Command: quartus_map --read_settings_files=on --write_settings_files=off arquitectura -c arquitectura --analysis_and_elaboration
Warning (18236): Number of processors has not been specified which may cause overloading on shared machines.  Set the global assignment NUM_PARALLEL_PROCESSORS in your QSF to an appropriate value for best performance.
Info (20030): Parallel compilation is enabled and will use 2 of the 2 processors detected
Info (12021): Found 1 design units, including 1 entities, in source file alu.sv
    Info (12023): Found entity 1: ALU File: C:/Users/MartinPC/Documents/Semestre 2 - 2022/ARQUI/sdasdsa/sastua_computer_architecture_1_2022/proyecto_2/arquitectura/ALU.sv Line: 14
Info (12021): Found 1 design units, including 1 entities, in source file alu_tb.sv
    Info (12023): Found entity 1: ALU_tb File: C:/Users/MartinPC/Documents/Semestre 2 - 2022/ARQUI/sdasdsa/sastua_computer_architecture_1_2022/proyecto_2/arquitectura/ALU_tb.sv Line: 1
Info (12021): Found 1 design units, including 1 entities, in source file mux_2_to_1.sv
    Info (12023): Found entity 1: Mux_2_to_1 File: C:/Users/MartinPC/Documents/Semestre 2 - 2022/ARQUI/sdasdsa/sastua_computer_architecture_1_2022/proyecto_2/arquitectura/Mux_2_to_1.sv Line: 5
Info (12021): Found 1 design units, including 1 entities, in source file mux_3_to_1.sv
    Info (12023): Found entity 1: Mux_3_to_1 File: C:/Users/MartinPC/Documents/Semestre 2 - 2022/ARQUI/sdasdsa/sastua_computer_architecture_1_2022/proyecto_2/arquitectura/Mux_3_to_1.sv Line: 5
Info (12021): Found 1 design units, including 1 entities, in source file regfile.sv
    Info (12023): Found entity 1: regfile File: C:/Users/MartinPC/Documents/Semestre 2 - 2022/ARQUI/sdasdsa/sastua_computer_architecture_1_2022/proyecto_2/arquitectura/regfile.sv Line: 5
Info (12021): Found 1 design units, including 1 entities, in source file adder.sv
    Info (12023): Found entity 1: adder File: C:/Users/MartinPC/Documents/Semestre 2 - 2022/ARQUI/sdasdsa/sastua_computer_architecture_1_2022/proyecto_2/arquitectura/adder.sv Line: 5
Info (12021): Found 1 design units, including 1 entities, in source file flopr.sv
    Info (12023): Found entity 1: flopr File: C:/Users/MartinPC/Documents/Semestre 2 - 2022/ARQUI/sdasdsa/sastua_computer_architecture_1_2022/proyecto_2/arquitectura/flopr.sv Line: 4
Info (12021): Found 1 design units, including 1 entities, in source file regfile_tb.sv
    Info (12023): Found entity 1: regfile_tb File: C:/Users/MartinPC/Documents/Semestre 2 - 2022/ARQUI/sdasdsa/sastua_computer_architecture_1_2022/proyecto_2/arquitectura/regfile_tb.sv Line: 1
Info (12021): Found 1 design units, including 1 entities, in source file conditional.sv
    Info (12023): Found entity 1: conditional File: C:/Users/MartinPC/Documents/Semestre 2 - 2022/ARQUI/sdasdsa/sastua_computer_architecture_1_2022/proyecto_2/arquitectura/conditional.sv Line: 2
Info (12021): Found 1 design units, including 1 entities, in source file dmem.sv
    Info (12023): Found entity 1: dmem File: C:/Users/MartinPC/Documents/Semestre 2 - 2022/ARQUI/sdasdsa/sastua_computer_architecture_1_2022/proyecto_2/arquitectura/dmem.sv Line: 1
Info (12021): Found 1 design units, including 1 entities, in source file imem.sv
    Info (12023): Found entity 1: imem File: C:/Users/MartinPC/Documents/Semestre 2 - 2022/ARQUI/sdasdsa/sastua_computer_architecture_1_2022/proyecto_2/arquitectura/imem.sv Line: 2
Info (12021): Found 1 design units, including 1 entities, in source file control.sv
    Info (12023): Found entity 1: control File: C:/Users/MartinPC/Documents/Semestre 2 - 2022/ARQUI/sdasdsa/sastua_computer_architecture_1_2022/proyecto_2/arquitectura/control.sv Line: 2
Info (12021): Found 1 design units, including 1 entities, in source file controller.sv
    Info (12023): Found entity 1: controller File: C:/Users/MartinPC/Documents/Semestre 2 - 2022/ARQUI/sdasdsa/sastua_computer_architecture_1_2022/proyecto_2/arquitectura/controller.sv Line: 3
Info (12021): Found 1 design units, including 1 entities, in source file decode.sv
    Info (12023): Found entity 1: decode File: C:/Users/MartinPC/Documents/Semestre 2 - 2022/ARQUI/sdasdsa/sastua_computer_architecture_1_2022/proyecto_2/arquitectura/decode.sv Line: 1
Info (12021): Found 1 design units, including 1 entities, in source file fetch.sv
    Info (12023): Found entity 1: fetch File: C:/Users/MartinPC/Documents/Semestre 2 - 2022/ARQUI/sdasdsa/sastua_computer_architecture_1_2022/proyecto_2/arquitectura/fetch.sv Line: 1
Info (12021): Found 1 design units, including 1 entities, in source file flopenrc.sv
    Info (12023): Found entity 1: flopenrc File: C:/Users/MartinPC/Documents/Semestre 2 - 2022/ARQUI/sdasdsa/sastua_computer_architecture_1_2022/proyecto_2/arquitectura/flopenrc.sv Line: 2
Info (12021): Found 1 design units, including 1 entities, in source file execute.sv
    Info (12023): Found entity 1: execute File: C:/Users/MartinPC/Documents/Semestre 2 - 2022/ARQUI/sdasdsa/sastua_computer_architecture_1_2022/proyecto_2/arquitectura/execute.sv Line: 3
Info (12021): Found 1 design units, including 1 entities, in source file loadedmem.sv
    Info (12023): Found entity 1: loadedMem File: C:/Users/MartinPC/Documents/Semestre 2 - 2022/ARQUI/sdasdsa/sastua_computer_architecture_1_2022/proyecto_2/arquitectura/loadedMem.sv Line: 16
Info (12021): Found 1 design units, including 1 entities, in source file arqui.sv
    Info (12023): Found entity 1: arqui File: C:/Users/MartinPC/Documents/Semestre 2 - 2022/ARQUI/sdasdsa/sastua_computer_architecture_1_2022/proyecto_2/arquitectura/arqui.sv Line: 1
Info (12021): Found 1 design units, including 1 entities, in source file hazardunit.sv
    Info (12023): Found entity 1: hazardUnit File: C:/Users/MartinPC/Documents/Semestre 2 - 2022/ARQUI/sdasdsa/sastua_computer_architecture_1_2022/proyecto_2/arquitectura/hazardUnit.sv Line: 3
Info (12021): Found 1 design units, including 1 entities, in source file memory.sv
    Info (12023): Found entity 1: memory File: C:/Users/MartinPC/Documents/Semestre 2 - 2022/ARQUI/sdasdsa/sastua_computer_architecture_1_2022/proyecto_2/arquitectura/memory.sv Line: 15
Info (12021): Found 1 design units, including 1 entities, in source file cpu.sv
    Info (12023): Found entity 1: CPU File: C:/Users/MartinPC/Documents/Semestre 2 - 2022/ARQUI/sdasdsa/sastua_computer_architecture_1_2022/proyecto_2/arquitectura/CPU.sv Line: 2
Info (12021): Found 1 design units, including 1 entities, in source file memory_tb.sv
    Info (12023): Found entity 1: memory_tb File: C:/Users/MartinPC/Documents/Semestre 2 - 2022/ARQUI/sdasdsa/sastua_computer_architecture_1_2022/proyecto_2/arquitectura/memory_tb.sv Line: 3
Warning (12019): Can't analyze file -- file Decoder_for_test.sv is missing
Info (12021): Found 1 design units, including 1 entities, in source file decode_tb.sv
    Info (12023): Found entity 1: decode_tb File: C:/Users/MartinPC/Documents/Semestre 2 - 2022/ARQUI/sdasdsa/sastua_computer_architecture_1_2022/proyecto_2/arquitectura/decode_tb.sv Line: 1
Info (12021): Found 1 design units, including 1 entities, in source file control_tb.sv
    Info (12023): Found entity 1: control_tb File: C:/Users/MartinPC/Documents/Semestre 2 - 2022/ARQUI/sdasdsa/sastua_computer_architecture_1_2022/proyecto_2/arquitectura/control_tb.sv Line: 1
Info (12021): Found 1 design units, including 1 entities, in source file cpu_tb.sv
    Info (12023): Found entity 1: CPU_tb File: C:/Users/MartinPC/Documents/Semestre 2 - 2022/ARQUI/sdasdsa/sastua_computer_architecture_1_2022/proyecto_2/arquitectura/CPU_tb.sv Line: 3
Info (12021): Found 1 design units, including 1 entities, in source file divisorfrecuencia.sv
    Info (12023): Found entity 1: divisorFrecuencia File: C:/Users/MartinPC/Documents/Semestre 2 - 2022/ARQUI/sdasdsa/sastua_computer_architecture_1_2022/proyecto_2/arquitectura/divisorFrecuencia.sv Line: 1
Info (12021): Found 1 design units, including 1 entities, in source file outputmem.sv
    Info (12023): Found entity 1: outPutMem File: C:/Users/MartinPC/Documents/Semestre 2 - 2022/ARQUI/sdasdsa/sastua_computer_architecture_1_2022/proyecto_2/arquitectura/outPutMem.sv Line: 1
Warning (10236): Verilog HDL Implicit Net warning at ALU.sv(28): created implicit net for "o1" File: C:/Users/MartinPC/Documents/Semestre 2 - 2022/ARQUI/sdasdsa/sastua_computer_architecture_1_2022/proyecto_2/arquitectura/ALU.sv Line: 28
Warning (10236): Verilog HDL Implicit Net warning at ALU.sv(29): created implicit net for "o2" File: C:/Users/MartinPC/Documents/Semestre 2 - 2022/ARQUI/sdasdsa/sastua_computer_architecture_1_2022/proyecto_2/arquitectura/ALU.sv Line: 29
Warning (10236): Verilog HDL Implicit Net warning at ALU.sv(30): created implicit net for "o3" File: C:/Users/MartinPC/Documents/Semestre 2 - 2022/ARQUI/sdasdsa/sastua_computer_architecture_1_2022/proyecto_2/arquitectura/ALU.sv Line: 30
Info (12127): Elaborating entity "CPU_tb" for the top level hierarchy
Info (12128): Elaborating entity "CPU" for hierarchy "CPU:cpu" File: C:/Users/MartinPC/Documents/Semestre 2 - 2022/ARQUI/sdasdsa/sastua_computer_architecture_1_2022/proyecto_2/arquitectura/CPU_tb.sv Line: 19
Warning (10036): Verilog HDL or VHDL warning at CPU.sv(12): object "chars_indi" assigned a value but never read File: C:/Users/MartinPC/Documents/Semestre 2 - 2022/ARQUI/sdasdsa/sastua_computer_architecture_1_2022/proyecto_2/arquitectura/CPU.sv Line: 12
Warning (10230): Verilog HDL assignment warning at CPU.sv(47): truncated value with size 32 to match size of target (9) File: C:/Users/MartinPC/Documents/Semestre 2 - 2022/ARQUI/sdasdsa/sastua_computer_architecture_1_2022/proyecto_2/arquitectura/CPU.sv Line: 47
Warning (10230): Verilog HDL assignment warning at CPU.sv(51): truncated value with size 32 to match size of target (5) File: C:/Users/MartinPC/Documents/Semestre 2 - 2022/ARQUI/sdasdsa/sastua_computer_architecture_1_2022/proyecto_2/arquitectura/CPU.sv Line: 51
Info (12128): Elaborating entity "divisorFrecuencia" for hierarchy "CPU:cpu|divisorFrecuencia:divisorFrecuencia" File: C:/Users/MartinPC/Documents/Semestre 2 - 2022/ARQUI/sdasdsa/sastua_computer_architecture_1_2022/proyecto_2/arquitectura/CPU.sv Line: 17
Warning (10230): Verilog HDL assignment warning at divisorFrecuencia.sv(11): truncated value with size 32 to match size of target (25) File: C:/Users/MartinPC/Documents/Semestre 2 - 2022/ARQUI/sdasdsa/sastua_computer_architecture_1_2022/proyecto_2/arquitectura/divisorFrecuencia.sv Line: 11
Info (12128): Elaborating entity "arqui" for hierarchy "CPU:cpu|arqui:arqui" File: C:/Users/MartinPC/Documents/Semestre 2 - 2022/ARQUI/sdasdsa/sastua_computer_architecture_1_2022/proyecto_2/arquitectura/CPU.sv Line: 20
Info (12128): Elaborating entity "controller" for hierarchy "CPU:cpu|arqui:arqui|controller:Controller" File: C:/Users/MartinPC/Documents/Semestre 2 - 2022/ARQUI/sdasdsa/sastua_computer_architecture_1_2022/proyecto_2/arquitectura/arqui.sv Line: 62
Info (12128): Elaborating entity "control" for hierarchy "CPU:cpu|arqui:arqui|controller:Controller|control:controlunit" File: C:/Users/MartinPC/Documents/Semestre 2 - 2022/ARQUI/sdasdsa/sastua_computer_architecture_1_2022/proyecto_2/arquitectura/controller.sv Line: 18
Info (12128): Elaborating entity "conditional" for hierarchy "CPU:cpu|arqui:arqui|controller:Controller|conditional:condunit" File: C:/Users/MartinPC/Documents/Semestre 2 - 2022/ARQUI/sdasdsa/sastua_computer_architecture_1_2022/proyecto_2/arquitectura/controller.sv Line: 26
Info (12128): Elaborating entity "hazardUnit" for hierarchy "CPU:cpu|arqui:arqui|hazardUnit:HazardUnit" File: C:/Users/MartinPC/Documents/Semestre 2 - 2022/ARQUI/sdasdsa/sastua_computer_architecture_1_2022/proyecto_2/arquitectura/arqui.sv Line: 74
Info (12128): Elaborating entity "memory" for hierarchy "CPU:cpu|arqui:arqui|memory:Memory" File: C:/Users/MartinPC/Documents/Semestre 2 - 2022/ARQUI/sdasdsa/sastua_computer_architecture_1_2022/proyecto_2/arquitectura/arqui.sv Line: 82
Warning (10230): Verilog HDL assignment warning at memory.sv(35): truncated value with size 36 to match size of target (24) File: C:/Users/MartinPC/Documents/Semestre 2 - 2022/ARQUI/sdasdsa/sastua_computer_architecture_1_2022/proyecto_2/arquitectura/memory.sv Line: 35
Info (12128): Elaborating entity "loadedMem" for hierarchy "CPU:cpu|arqui:arqui|memory:Memory|loadedMem:loadedMem" File: C:/Users/MartinPC/Documents/Semestre 2 - 2022/ARQUI/sdasdsa/sastua_computer_architecture_1_2022/proyecto_2/arquitectura/memory.sv Line: 46
Warning (10850): Verilog HDL warning at loadedMem.sv(31): number of words (65) in memory file does not match the number of elements in the address range [0:1023] File: C:/Users/MartinPC/Documents/Semestre 2 - 2022/ARQUI/sdasdsa/sastua_computer_architecture_1_2022/proyecto_2/arquitectura/loadedMem.sv Line: 31
Warning (10230): Verilog HDL assignment warning at loadedMem.sv(44): truncated value with size 36 to match size of target (24) File: C:/Users/MartinPC/Documents/Semestre 2 - 2022/ARQUI/sdasdsa/sastua_computer_architecture_1_2022/proyecto_2/arquitectura/loadedMem.sv Line: 44
Warning (10230): Verilog HDL assignment warning at loadedMem.sv(45): truncated value with size 36 to match size of target (16) File: C:/Users/MartinPC/Documents/Semestre 2 - 2022/ARQUI/sdasdsa/sastua_computer_architecture_1_2022/proyecto_2/arquitectura/loadedMem.sv Line: 45
Warning (10230): Verilog HDL assignment warning at loadedMem.sv(47): truncated value with size 36 to match size of target (8) File: C:/Users/MartinPC/Documents/Semestre 2 - 2022/ARQUI/sdasdsa/sastua_computer_architecture_1_2022/proyecto_2/arquitectura/loadedMem.sv Line: 47
Warning (10230): Verilog HDL assignment warning at loadedMem.sv(48): truncated value with size 36 to match size of target (8) File: C:/Users/MartinPC/Documents/Semestre 2 - 2022/ARQUI/sdasdsa/sastua_computer_architecture_1_2022/proyecto_2/arquitectura/loadedMem.sv Line: 48
Warning (10175): Verilog HDL warning at loadedMem.sv(49): ignoring unsupported system task File: C:/Users/MartinPC/Documents/Semestre 2 - 2022/ARQUI/sdasdsa/sastua_computer_architecture_1_2022/proyecto_2/arquitectura/loadedMem.sv Line: 49
Info (12128): Elaborating entity "fetch" for hierarchy "CPU:cpu|arqui:arqui|fetch:Fetch" File: C:/Users/MartinPC/Documents/Semestre 2 - 2022/ARQUI/sdasdsa/sastua_computer_architecture_1_2022/proyecto_2/arquitectura/arqui.sv Line: 88
Info (12128): Elaborating entity "flopenrc" for hierarchy "CPU:cpu|arqui:arqui|fetch:Fetch|flopenrc:pcreg" File: C:/Users/MartinPC/Documents/Semestre 2 - 2022/ARQUI/sdasdsa/sastua_computer_architecture_1_2022/proyecto_2/arquitectura/fetch.sv Line: 8
Info (12128): Elaborating entity "Mux_2_to_1" for hierarchy "CPU:cpu|arqui:arqui|fetch:Fetch|Mux_2_to_1:pcff" File: C:/Users/MartinPC/Documents/Semestre 2 - 2022/ARQUI/sdasdsa/sastua_computer_architecture_1_2022/proyecto_2/arquitectura/fetch.sv Line: 9
Info (12128): Elaborating entity "adder" for hierarchy "CPU:cpu|arqui:arqui|fetch:Fetch|adder:pcadd" File: C:/Users/MartinPC/Documents/Semestre 2 - 2022/ARQUI/sdasdsa/sastua_computer_architecture_1_2022/proyecto_2/arquitectura/fetch.sv Line: 10
Info (12128): Elaborating entity "flopenrc" for hierarchy "CPU:cpu|arqui:arqui|flopenrc:FetchFlipFlop" File: C:/Users/MartinPC/Documents/Semestre 2 - 2022/ARQUI/sdasdsa/sastua_computer_architecture_1_2022/proyecto_2/arquitectura/arqui.sv Line: 91
Info (12128): Elaborating entity "decode" for hierarchy "CPU:cpu|arqui:arqui|decode:Decode" File: C:/Users/MartinPC/Documents/Semestre 2 - 2022/ARQUI/sdasdsa/sastua_computer_architecture_1_2022/proyecto_2/arquitectura/arqui.sv Line: 106
Info (12128): Elaborating entity "regfile" for hierarchy "CPU:cpu|arqui:arqui|decode:Decode|regfile:registerFile" File: C:/Users/MartinPC/Documents/Semestre 2 - 2022/ARQUI/sdasdsa/sastua_computer_architecture_1_2022/proyecto_2/arquitectura/decode.sv Line: 23
Info (12128): Elaborating entity "flopenrc" for hierarchy "CPU:cpu|arqui:arqui|flopenrc:DecodeFlipFlop" File: C:/Users/MartinPC/Documents/Semestre 2 - 2022/ARQUI/sdasdsa/sastua_computer_architecture_1_2022/proyecto_2/arquitectura/arqui.sv Line: 127
Info (12128): Elaborating entity "execute" for hierarchy "CPU:cpu|arqui:arqui|execute:Execute" File: C:/Users/MartinPC/Documents/Semestre 2 - 2022/ARQUI/sdasdsa/sastua_computer_architecture_1_2022/proyecto_2/arquitectura/arqui.sv Line: 142
Info (12128): Elaborating entity "Mux_3_to_1" for hierarchy "CPU:cpu|arqui:arqui|execute:Execute|Mux_3_to_1:data1ForwardMUX" File: C:/Users/MartinPC/Documents/Semestre 2 - 2022/ARQUI/sdasdsa/sastua_computer_architecture_1_2022/proyecto_2/arquitectura/execute.sv Line: 15
Info (12128): Elaborating entity "ALU" for hierarchy "CPU:cpu|arqui:arqui|execute:Execute|ALU:ALU" File: C:/Users/MartinPC/Documents/Semestre 2 - 2022/ARQUI/sdasdsa/sastua_computer_architecture_1_2022/proyecto_2/arquitectura/execute.sv Line: 21
Info (12128): Elaborating entity "flopenrc" for hierarchy "CPU:cpu|arqui:arqui|flopenrc:ExecuteFlipFlop" File: C:/Users/MartinPC/Documents/Semestre 2 - 2022/ARQUI/sdasdsa/sastua_computer_architecture_1_2022/proyecto_2/arquitectura/arqui.sv Line: 160
Info (12128): Elaborating entity "flopenrc" for hierarchy "CPU:cpu|arqui:arqui|flopenrc:MemoryFlipFlop" File: C:/Users/MartinPC/Documents/Semestre 2 - 2022/ARQUI/sdasdsa/sastua_computer_architecture_1_2022/proyecto_2/arquitectura/arqui.sv Line: 180
Info (144001): Generated suppressed messages file C:/Users/MartinPC/Documents/Semestre 2 - 2022/ARQUI/sdasdsa/sastua_computer_architecture_1_2022/proyecto_2/arquitectura/output_files/arquitectura.map.smsg
Info: Quartus Prime Analysis & Elaboration was successful. 0 errors, 16 warnings
    Info: Peak virtual memory: 4794 megabytes
    Info: Processing ended: Tue Oct 25 01:49:15 2022
    Info: Elapsed time: 00:00:21
    Info: Total CPU time (on all processors): 00:00:33


+--------------------------------------------+
; Analysis & Elaboration Suppressed Messages ;
+--------------------------------------------+
The suppressed messages can be found in C:/Users/MartinPC/Documents/Semestre 2 - 2022/ARQUI/sdasdsa/sastua_computer_architecture_1_2022/proyecto_2/arquitectura/output_files/arquitectura.map.smsg.


